#
# A fatal error has been detected by the Java Runtime Environment:
#
#  SIGBUS (0xa) at pc=0x000000010f165e92, pid=58781, tid=0x0000000000001b03
#
# JRE version: Java(TM) SE Runtime Environment (8.0_151-b12) (build 1.8.0_151-b12)
# Java VM: Java HotSpot(TM) 64-Bit Server VM (25.151-b12 mixed mode bsd-amd64 compressed oops)
# Problematic frame:
# C  [libzip.dylib+0x2e92]  newEntry+0x154
#
# Failed to write core dump. Core dumps have been disabled. To enable core dumping, try "ulimit -c unlimited" before starting Java again
#
# If you would like to submit a bug report, please visit:
#   http://bugreport.java.com/bugreport/crash.jsp
# The crash happened outside the Java Virtual Machine in native code.
# See problematic frame for where to report the bug.
#

---------------  T H R E A D  ---------------

Current thread (0x00007fc978805000):  JavaThread "main" [_thread_in_native, id=6915, stack(0x00007000034c6000,0x00007000035c6000)]

siginfo: si_signo: 10 (SIGBUS), si_code: 2 (BUS_ADRERR), si_addr: 0x0000000115edc01b

Registers:
RAX=0x00007fc97782f5f0, RBX=0x0000000115edc00f, RCX=0x0000000000000001, RDX=0x0000000000000000
RSP=0x00007000035c2990, RBP=0x00007000035c29f0, RSI=0x0000000004000000, RDI=0x00000000000000f5
R8 =0x0000000000000048, R9 =0x00007fc975f0f550, R10=0x00000000fc000000, R11=0x00006ff8488305ae
R12=0x00007fc977830940, R13=0x0000000000000010, R14=0x00000000baad184b, R15=0x00007fc977831270
RIP=0x000000010f165e92, EFLAGS=0x0000000000010206, ERR=0x0000000000000004
  TRAPNO=0x000000000000000e

Top of Stack: (sp=0x00007000035c2990)
0x00007000035c2990:   00007000035c2980 0000000011eaec4b
0x00007000035c29a0:   00007000035c29e0 00000000ffff0101
0x00007000035c29b0:   00007000035c29d0 00007fc97782f5f0
0x00007000035c29c0:   00007fc975f0f550 00007fc97782f5f0
0x00007000035c29d0:   00007fc977830940 0000000000000010
0x00007000035c29e0:   00000000baad184b 00007fc977831270
0x00007000035c29f0:   00007000035c2a50 000000010f16652d
0x00007000035c2a00:   00007000035c2a7b 00007000035c2a7a
0x00007000035c2a10:   0000000b00000000 0000000c01805000
0x00007000035c2a20:   00007000035c2a6e 00007000035c2f38
0x00007000035c2a30:   000000000000000c 00007000035c2a6e
0x00007000035c2a40:   00007fc97782f5f0 00007fc9788051f8
0x00007000035c2a50:   00007000035c2ea0 000000010f165238
0x00007000035c2a60:   406d38b0b94f0051 6c50000100000001
0x00007000035c2a70:   616c632e72657961 0000000111007373
0x00007000035c2a80:   00000007120c2ad8 00007fc9120a2190
0x00007000035c2a90:   0000000000000000 000000011bb44ee9
0x00007000035c2aa0:   000070001229ae58 00000001120e1010
0x00007000035c2ab0:   00007000035c2b00 00000001120075e8
0x00007000035c2ac0:   0000000000000000 00000001120e64a0
0x00007000035c2ad0:   00000000120e1010 00007000035c2b00
0x00007000035c2ae0:   00007000120e6e60 000000011bb35040
0x00007000035c2af0:   0000000011f4f7b8 0000000111f4f7b8
0x00007000035c2b00:   00007fc911f065d8 00000001122b91f0
0x00007000035c2b10:   00007fc91229ae38 00007000035c2b70
0x00007000035c2b20:   0000000111ee9b50 0000000011f065d8
0x00007000035c2b30:   0000000111e52148 0000000000000000
0x00007000035c2b40:   00007000035c2b60 0000700011fb35b0
0x00007000035c2b50:   0000000111fb35b0 00000000120e6e40
0x00007000035c2b60:   0000000712295c20 00000007120a0830
0x00007000035c2b70:   00000007bace7848 00007000035c2b78
0x00007000035c2b80:   00000001120a07d0 00007000035c2c00 

Instructions: (pc=0x000000010f165e92)
0x000000010f165e72:   49 8b 7f 38 e8 5b 1b 00 00 4d 89 77 38 49 89 5f
0x000000010f165e82:   40 4c 89 f0 48 85 c0 0f 84 11 05 00 00 48 89 c3
0x000000010f165e92:   0f b6 43 0c 0f b6 4b 0d 48 c1 e1 08 48 01 c1 0f
0x000000010f165ea2:   b6 43 0e 0f b6 53 0f 48 c1 e2 08 48 01 c2 48 c1 

Register to memory mapping:

RAX=0x00007fc97782f5f0 is an unknown value
RBX=0x0000000115edc00f is an unknown value
RCX=0x0000000000000001 is an unknown value
RDX=0x0000000000000000 is an unknown value
RSP=0x00007000035c2990 is pointing into the stack for thread: 0x00007fc978805000
RBP=0x00007000035c29f0 is pointing into the stack for thread: 0x00007fc978805000
RSI=0x0000000004000000 is an unknown value
RDI=0x00000000000000f5 is an unknown value
R8 =0x0000000000000048 is an unknown value
R9 =0x00007fc975f0f550 is an unknown value
R10=0x00000000fc000000 is an unknown value
R11=0x00006ff8488305ae is an unknown value
R12=0x00007fc977830940 is an unknown value
R13=0x0000000000000010 is an unknown value
R14=0x00000000baad184b is an unknown value
R15=0x00007fc977831270 is an unknown value


Stack: [0x00007000034c6000,0x00007000035c6000],  sp=0x00007000035c2990,  free space=1010k
Native frames: (J=compiled Java code, j=interpreted, Vv=VM code, C=native code)
C  [libzip.dylib+0x2e92]  newEntry+0x154
C  [libzip.dylib+0x352d]  ZIP_GetEntry2+0xd4
C  [libzip.dylib+0x2238]  Java_java_util_zip_ZipFile_getEntry+0xcf
j  java.util.zip.ZipFile.getEntry(J[BZ)J+0
j  java.util.zip.ZipFile.getEntry(Ljava/lang/String;)Ljava/util/zip/ZipEntry;+38
J 60 C1 sun.misc.URLClassPath$JarLoader.getResource(Ljava/lang/String;Z)Lsun/misc/Resource; (85 bytes) @ 0x000000011bc5b504 [0x000000011bc5b2a0+0x264]
j  sun.misc.URLClassPath.getResource(Ljava/lang/String;Z)Lsun/misc/Resource;+62
j  java.net.URLClassLoader$1.run()Ljava/lang/Class;+26
j  java.net.URLClassLoader$1.run()Ljava/lang/Object;+1
v  ~StubRoutines::call_stub
V  [libjvm.dylib+0x2ee9aa]  JavaCalls::call_helper(JavaValue*, methodHandle*, JavaCallArguments*, Thread*)+0x6ae
V  [libjvm.dylib+0x34f108]  JVM_DoPrivileged+0x4b8
j  java.security.AccessController.doPrivileged(Ljava/security/PrivilegedExceptionAction;Ljava/security/AccessControlContext;)Ljava/lang/Object;+0
j  java.net.URLClassLoader.findClass(Ljava/lang/String;)Ljava/lang/Class;+13
j  java.lang.ClassLoader.loadClass(Ljava/lang/String;Z)Ljava/lang/Class;+70
j  java.lang.ClassLoader.loadClass(Ljava/lang/String;)Ljava/lang/Class;+3
v  ~StubRoutines::call_stub
V  [libjvm.dylib+0x2ee9aa]  JavaCalls::call_helper(JavaValue*, methodHandle*, JavaCallArguments*, Thread*)+0x6ae
V  [libjvm.dylib+0x2ef14e]  JavaCalls::call_virtual(JavaValue*, KlassHandle, Symbol*, Symbol*, JavaCallArguments*, Thread*)+0x164
V  [libjvm.dylib+0x2ef2a6]  JavaCalls::call_virtual(JavaValue*, Handle, KlassHandle, Symbol*, Symbol*, Handle, Thread*)+0x56
V  [libjvm.dylib+0x53d2f6]  SystemDictionary::load_instance_class(Symbol*, Handle, Thread*)+0x2d8
V  [libjvm.dylib+0x53cabe]  SystemDictionary::resolve_instance_class_or_null(Symbol*, Handle, Handle, Thread*)+0x484
V  [libjvm.dylib+0x53d512]  SystemDictionary::resolve_or_null(Symbol*, Handle, Handle, Thread*)+0x106
V  [libjvm.dylib+0x53dbc5]  SystemDictionary::resolve_or_fail(Symbol*, Handle, Handle, bool, Thread*)+0x31
V  [libjvm.dylib+0x1e35a6]  ConstantPool::klass_at_impl(constantPoolHandle, int, Thread*)+0x2ee
V  [libjvm.dylib+0x1f39f6]  ConstantPool::klass_at(int, Thread*)+0x92
V  [libjvm.dylib+0x2ea3cb]  InterpreterRuntime::_new(JavaThread*, ConstantPool*, int)+0x2d
j  Pathfinder.execute()V+85
j  MainKt.main([Ljava/lang/String;)V+103
v  ~StubRoutines::call_stub
V  [libjvm.dylib+0x2ee9aa]  JavaCalls::call_helper(JavaValue*, methodHandle*, JavaCallArguments*, Thread*)+0x6ae
V  [libjvm.dylib+0x4d3cd0]  Reflection::invoke(instanceKlassHandle, methodHandle, Handle, bool, objArrayHandle, BasicType, objArrayHandle, bool, Thread*)+0xe12
V  [libjvm.dylib+0x4d4204]  Reflection::invoke_method(oopDesc*, Handle, objArrayHandle, Thread*)+0x16c
V  [libjvm.dylib+0x346dac]  JVM_InvokeMethod+0x166
j  sun.reflect.NativeMethodAccessorImpl.invoke0(Ljava/lang/reflect/Method;Ljava/lang/Object;[Ljava/lang/Object;)Ljava/lang/Object;+0
j  sun.reflect.NativeMethodAccessorImpl.invoke(Ljava/lang/Object;[Ljava/lang/Object;)Ljava/lang/Object;+100
j  sun.reflect.DelegatingMethodAccessorImpl.invoke(Ljava/lang/Object;[Ljava/lang/Object;)Ljava/lang/Object;+6
j  java.lang.reflect.Method.invoke(Ljava/lang/Object;[Ljava/lang/Object;)Ljava/lang/Object;+56
j  org.jetbrains.kotlin.runner.AbstractRunner.run(Ljava/util/List;Ljava/util/List;)V+267
j  org.jetbrains.kotlin.runner.Main.run([Ljava/lang/String;)V+656
j  org.jetbrains.kotlin.runner.Main.main([Ljava/lang/String;)V+11
v  ~StubRoutines::call_stub
V  [libjvm.dylib+0x2ee9aa]  JavaCalls::call_helper(JavaValue*, methodHandle*, JavaCallArguments*, Thread*)+0x6ae
V  [libjvm.dylib+0x3257c2]  jni_invoke_static(JNIEnv_*, JavaValue*, _jobject*, JNICallType, _jmethodID*, JNI_ArgumentPusher*, Thread*)+0x1bf
V  [libjvm.dylib+0x31e539]  jni_CallStaticVoidMethod+0x15d
C  [java+0x3931]  JavaMain+0x9c4
C  [libsystem_pthread.dylib+0x393b]  _pthread_body+0xb4
C  [libsystem_pthread.dylib+0x3887]  _pthread_body+0x0
C  [libsystem_pthread.dylib+0x308d]  thread_start+0xd
C  0x0000000000000000

Java frames: (J=compiled Java code, j=interpreted, Vv=VM code)
j  java.util.zip.ZipFile.getEntry(J[BZ)J+0
j  java.util.zip.ZipFile.getEntry(Ljava/lang/String;)Ljava/util/zip/ZipEntry;+38
J 60 C1 sun.misc.URLClassPath$JarLoader.getResource(Ljava/lang/String;Z)Lsun/misc/Resource; (85 bytes) @ 0x000000011bc5b504 [0x000000011bc5b2a0+0x264]
j  sun.misc.URLClassPath.getResource(Ljava/lang/String;Z)Lsun/misc/Resource;+62
j  java.net.URLClassLoader$1.run()Ljava/lang/Class;+26
j  java.net.URLClassLoader$1.run()Ljava/lang/Object;+1
v  ~StubRoutines::call_stub
j  java.security.AccessController.doPrivileged(Ljava/security/PrivilegedExceptionAction;Ljava/security/AccessControlContext;)Ljava/lang/Object;+0
j  java.net.URLClassLoader.findClass(Ljava/lang/String;)Ljava/lang/Class;+13
j  java.lang.ClassLoader.loadClass(Ljava/lang/String;Z)Ljava/lang/Class;+70
j  java.lang.ClassLoader.loadClass(Ljava/lang/String;)Ljava/lang/Class;+3
v  ~StubRoutines::call_stub
j  Pathfinder.execute()V+85
j  MainKt.main([Ljava/lang/String;)V+103
v  ~StubRoutines::call_stub
j  sun.reflect.NativeMethodAccessorImpl.invoke0(Ljava/lang/reflect/Method;Ljava/lang/Object;[Ljava/lang/Object;)Ljava/lang/Object;+0
j  sun.reflect.NativeMethodAccessorImpl.invoke(Ljava/lang/Object;[Ljava/lang/Object;)Ljava/lang/Object;+100
j  sun.reflect.DelegatingMethodAccessorImpl.invoke(Ljava/lang/Object;[Ljava/lang/Object;)Ljava/lang/Object;+6
j  java.lang.reflect.Method.invoke(Ljava/lang/Object;[Ljava/lang/Object;)Ljava/lang/Object;+56
j  org.jetbrains.kotlin.runner.AbstractRunner.run(Ljava/util/List;Ljava/util/List;)V+267
j  org.jetbrains.kotlin.runner.Main.run([Ljava/lang/String;)V+656
j  org.jetbrains.kotlin.runner.Main.main([Ljava/lang/String;)V+11
v  ~StubRoutines::call_stub

---------------  P R O C E S S  ---------------

Java Threads: ( => current thread )
  0x00007fc978839800 JavaThread "Service Thread" daemon [_thread_blocked, id=21251, stack(0x000070000467c000,0x000070000477c000)]
  0x00007fc97688d000 JavaThread "C1 CompilerThread3" daemon [_thread_blocked, id=20739, stack(0x0000700004579000,0x0000700004679000)]
  0x00007fc976884800 JavaThread "C2 CompilerThread2" daemon [_thread_blocked, id=20227, stack(0x0000700004476000,0x0000700004576000)]
  0x00007fc97687b800 JavaThread "C2 CompilerThread1" daemon [_thread_blocked, id=19715, stack(0x0000700004373000,0x0000700004473000)]
  0x00007fc97800e000 JavaThread "C2 CompilerThread0" daemon [_thread_blocked, id=19203, stack(0x0000700004270000,0x0000700004370000)]
  0x00007fc978020000 JavaThread "Signal Dispatcher" daemon [_thread_blocked, id=18691, stack(0x000070000416d000,0x000070000426d000)]
  0x00007fc976004800 JavaThread "Finalizer" daemon [_thread_blocked, id=14339, stack(0x0000700003fe7000,0x00007000040e7000)]
  0x00007fc977007000 JavaThread "Reference Handler" daemon [_thread_blocked, id=13827, stack(0x0000700003ee4000,0x0000700003fe4000)]
=>0x00007fc978805000 JavaThread "main" [_thread_in_native, id=6915, stack(0x00007000034c6000,0x00007000035c6000)]

Other Threads:
  0x00007fc976839000 VMThread [stack: 0x0000700003de1000,0x0000700003ee1000] [id=13315]
  0x00007fc977001000 WatcherThread [stack: 0x000070000477f000,0x000070000487f000] [id=21763]

VM state:not at safepoint (normal execution)

VM Mutex/Monitor currently owned by a thread: None

Heap:
 PSYoungGen      total 9728K, used 2802K [0x00000007bab00000, 0x00000007bb580000, 0x00000007c0000000)
  eden space 8704K, 32% used [0x00000007bab00000,0x00000007badbc818,0x00000007bb380000)
  from space 1024K, 0% used [0x00000007bb480000,0x00000007bb480000,0x00000007bb580000)
  to   space 1024K, 0% used [0x00000007bb380000,0x00000007bb380000,0x00000007bb480000)
 ParOldGen       total 22016K, used 0K [0x00000007b0000000, 0x00000007b1580000, 0x00000007bab00000)
  object space 22016K, 0% used [0x00000007b0000000,0x00000007b0000000,0x00000007b1580000)
 Metaspace       used 3602K, capacity 5104K, committed 5376K, reserved 1056768K
  class space    used 355K, capacity 464K, committed 512K, reserved 1048576K

Card table byte_map: [0x000000010f16c000,0x000000010f1ed000] byte_map_base: 0x000000010b3ec000

Marking Bits: (ParMarkBitMap*) 0x0000000110af35d0
 Begin Bits: [0x00000001115bd000, 0x00000001119bd000)
 End Bits:   [0x00000001119bd000, 0x0000000111dbd000)

Polling page: 0x000000010f159000

CodeCache: size=245760Kb used=1267Kb max_used=1267Kb free=244492Kb
 bounds [0x000000011bb2d000, 0x000000011bd9d000, 0x000000012ab2d000]
 total_blobs=352 nmethods=93 adapters=173
 compilation: enabled

Compilation events (10 events):
Event: 0.151 Thread 0x00007fc97688d000   89       3       java.lang.String::toCharArray (25 bytes)
Event: 0.151 Thread 0x00007fc97688d000 nmethod 89 0x000000011bc65410 code [0x000000011bc65580, 0x000000011bc65808]
Event: 0.152 Thread 0x00007fc97688d000   90       3       java.lang.Character::toLowerCase (6 bytes)
Event: 0.152 Thread 0x00007fc97688d000 nmethod 90 0x000000011bc64ed0 code [0x000000011bc65060, 0x000000011bc652f8]
Event: 0.152 Thread 0x00007fc97688d000   91   !   3       java.util.concurrent.ConcurrentHashMap::putVal (362 bytes)
Event: 0.154 Thread 0x00007fc97688d000 nmethod 91 0x000000011bc66b90 code [0x000000011bc66e60, 0x000000011bc68838]
Event: 0.157 Thread 0x00007fc97688d000   92       3       java.lang.String::indexOf (166 bytes)
Event: 0.157 Thread 0x00007fc97688d000 nmethod 92 0x000000011bc63c90 code [0x000000011bc63e40, 0x000000011bc64490]
Event: 0.158 Thread 0x00007fc97688d000   93       3       java.lang.String::equalsIgnoreCase (48 bytes)
Event: 0.158 Thread 0x00007fc97688d000 nmethod 93 0x000000011bc694d0 code [0x000000011bc69640, 0x000000011bc699a8]

GC Heap History (0 events):
No events

Deoptimization events (0 events):
No events

Internal exceptions (2 events):
Event: 0.033 Thread 0x00007fc978805000 Exception <a 'java/lang/NoSuchMethodError': Method sun.misc.Unsafe.defineClass(Ljava/lang/String;[BII)Ljava/lang/Class; name or signature does not match> (0x00000007bab07ca8) thrown at [/Users/java_re/workspace/8-2-build-macosx-x86_64/jdk8u151/9699/hotspo
Event: 0.033 Thread 0x00007fc978805000 Exception <a 'java/lang/NoSuchMethodError': Method sun.misc.Unsafe.prefetchRead(Ljava/lang/Object;J)V name or signature does not match> (0x00000007bab07f90) thrown at [/Users/java_re/workspace/8-2-build-macosx-x86_64/jdk8u151/9699/hotspot/src/share/vm/pri

Events (10 events):
Event: 0.152 loading class kotlin/TypeCastException
Event: 0.152 loading class kotlin/TypeCastException done
Event: 0.155 loading class kotlin/ranges/RangesKt
Event: 0.155 loading class kotlin/ranges/RangesKt done
Event: 0.156 loading class kotlin/ranges/RangesKt___RangesKt
Event: 0.156 loading class kotlin/ranges/RangesKt___RangesKt done
Event: 0.157 loading class kotlin/ranges/RangesKt__RangesKt
Event: 0.157 loading class kotlin/ranges/RangesKt__RangesKt done
Event: 0.158 loading class Player
Event: 0.158 loading class Player done


Dynamic libraries:
0x000000002498c000 	/System/Library/Frameworks/Cocoa.framework/Versions/A/Cocoa
0x000000002498c000 	/System/Library/Frameworks/Security.framework/Versions/A/Security
0x000000002498c000 	/System/Library/Frameworks/ApplicationServices.framework/Versions/A/ApplicationServices
0x000000002498c000 	/usr/lib/libz.1.dylib
0x000000002498c000 	/usr/lib/libSystem.B.dylib
0x000000002498c000 	/usr/lib/libobjc.A.dylib
0x000000002498c000 	/System/Library/Frameworks/CoreFoundation.framework/Versions/A/CoreFoundation
0x000000002498c000 	/System/Library/Frameworks/Foundation.framework/Versions/C/Foundation
0x000000002498c000 	/System/Library/Frameworks/AppKit.framework/Versions/C/AppKit
0x000000002498c000 	/System/Library/Frameworks/CoreData.framework/Versions/A/CoreData
0x000000002498c000 	/System/Library/PrivateFrameworks/RemoteViewServices.framework/Versions/A/RemoteViewServices
0x000000002498c000 	/System/Library/PrivateFrameworks/UIFoundation.framework/Versions/A/UIFoundation
0x000000002498c000 	/System/Library/PrivateFrameworks/DFRFoundation.framework/Versions/A/DFRFoundation
0x000000002498c000 	/usr/lib/libenergytrace.dylib
0x000000002498c000 	/System/Library/PrivateFrameworks/SkyLight.framework/Versions/A/SkyLight
0x000000002498c000 	/System/Library/Frameworks/CoreGraphics.framework/Versions/A/CoreGraphics
0x000000002498c000 	/usr/lib/libScreenReader.dylib
0x000000002498c000 	/System/Library/Frameworks/Accelerate.framework/Versions/A/Accelerate
0x000000002498c000 	/System/Library/Frameworks/IOSurface.framework/Versions/A/IOSurface
0x000000002498c000 	/System/Library/Frameworks/AudioToolbox.framework/Versions/A/AudioToolbox
0x000000002498c000 	/System/Library/Frameworks/AudioUnit.framework/Versions/A/AudioUnit
0x000000002498c000 	/System/Library/PrivateFrameworks/DataDetectorsCore.framework/Versions/A/DataDetectorsCore
0x000000002498c000 	/System/Library/PrivateFrameworks/DesktopServicesPriv.framework/Versions/A/DesktopServicesPriv
0x000000002498c000 	/System/Library/Frameworks/Carbon.framework/Versions/A/Frameworks/HIToolbox.framework/Versions/A/HIToolbox
0x000000002498c000 	/usr/lib/libicucore.A.dylib
0x000000002498c000 	/System/Library/Frameworks/QuartzCore.framework/Versions/A/QuartzCore
0x000000002498c000 	/System/Library/Frameworks/Carbon.framework/Versions/A/Frameworks/SpeechRecognition.framework/Versions/A/SpeechRecognition
0x000000002498c000 	/usr/lib/libauto.dylib
0x000000002498c000 	/usr/lib/libxml2.2.dylib
0x000000002498c000 	/System/Library/PrivateFrameworks/CoreUI.framework/Versions/A/CoreUI
0x000000002498c000 	/System/Library/Frameworks/CoreAudio.framework/Versions/A/CoreAudio
0x000000002498c000 	/System/Library/Frameworks/DiskArbitration.framework/Versions/A/DiskArbitration
0x000000002498c000 	/usr/lib/liblangid.dylib
0x000000002498c000 	/System/Library/PrivateFrameworks/MultitouchSupport.framework/Versions/A/MultitouchSupport
0x000000002498c000 	/System/Library/Frameworks/IOKit.framework/Versions/A/IOKit
0x000000002498c000 	/usr/lib/libDiagnosticMessagesClient.dylib
0x000000002498c000 	/System/Library/Frameworks/CoreServices.framework/Versions/A/CoreServices
0x000000002498c000 	/System/Library/PrivateFrameworks/PerformanceAnalysis.framework/Versions/A/PerformanceAnalysis
0x000000002498c000 	/System/Library/PrivateFrameworks/GenerationalStorage.framework/Versions/A/GenerationalStorage
0x000000002498c000 	/System/Library/Frameworks/OpenGL.framework/Versions/A/OpenGL
0x000000002498c000 	/System/Library/Frameworks/CoreImage.framework/Versions/A/CoreImage
0x000000002498c000 	/System/Library/Frameworks/CoreText.framework/Versions/A/CoreText
0x000000002498c000 	/System/Library/Frameworks/ImageIO.framework/Versions/A/ImageIO
0x000000002498c000 	/System/Library/PrivateFrameworks/Backup.framework/Versions/A/Backup
0x000000002498c000 	/usr/lib/libarchive.2.dylib
0x000000002498c000 	/System/Library/Frameworks/CFNetwork.framework/Versions/A/CFNetwork
0x000000002498c000 	/System/Library/Frameworks/SystemConfiguration.framework/Versions/A/SystemConfiguration
0x000000002498c000 	/usr/lib/libCRFSuite.dylib
0x000000002498c000 	/usr/lib/libc++.1.dylib
0x000000002498c000 	/usr/lib/libc++abi.dylib
0x000000002498c000 	/usr/lib/system/libcache.dylib
0x000000002498c000 	/usr/lib/system/libcommonCrypto.dylib
0x000000002498c000 	/usr/lib/system/libcompiler_rt.dylib
0x000000002498c000 	/usr/lib/system/libcopyfile.dylib
0x000000002498c000 	/usr/lib/system/libcorecrypto.dylib
0x000000002498c000 	/usr/lib/system/libdispatch.dylib
0x000000002498c000 	/usr/lib/system/libdyld.dylib
0x000000002498c000 	/usr/lib/system/libkeymgr.dylib
0x000000002498c000 	/usr/lib/system/liblaunch.dylib
0x000000002498c000 	/usr/lib/system/libmacho.dylib
0x000000002498c000 	/usr/lib/system/libquarantine.dylib
0x000000002498c000 	/usr/lib/system/libremovefile.dylib
0x000000002498c000 	/usr/lib/system/libsystem_asl.dylib
0x000000002498c000 	/usr/lib/system/libsystem_blocks.dylib
0x000000002498c000 	/usr/lib/system/libsystem_c.dylib
0x000000002498c000 	/usr/lib/system/libsystem_configuration.dylib
0x000000002498c000 	/usr/lib/system/libsystem_coreservices.dylib
0x000000002498c000 	/usr/lib/system/libsystem_coretls.dylib
0x000000002498c000 	/usr/lib/system/libsystem_dnssd.dylib
0x000000002498c000 	/usr/lib/system/libsystem_info.dylib
0x000000002498c000 	/usr/lib/system/libsystem_kernel.dylib
0x000000002498c000 	/usr/lib/system/libsystem_m.dylib
0x000000002498c000 	/usr/lib/system/libsystem_malloc.dylib
0x000000002498c000 	/usr/lib/system/libsystem_network.dylib
0x000000002498c000 	/usr/lib/system/libsystem_networkextension.dylib
0x000000002498c000 	/usr/lib/system/libsystem_notify.dylib
0x000000002498c000 	/usr/lib/system/libsystem_platform.dylib
0x000000002498c000 	/usr/lib/system/libsystem_pthread.dylib
0x000000002498c000 	/usr/lib/system/libsystem_sandbox.dylib
0x000000002498c000 	/usr/lib/system/libsystem_secinit.dylib
0x000000002498c000 	/usr/lib/system/libsystem_symptoms.dylib
0x000000002498c000 	/usr/lib/system/libsystem_trace.dylib
0x000000002498c000 	/usr/lib/system/libunwind.dylib
0x000000002498c000 	/usr/lib/system/libxpc.dylib
0x000000002498c000 	/usr/lib/libbsm.0.dylib
0x000000002498c000 	/usr/lib/system/libkxld.dylib
0x000000002498c000 	/usr/lib/libcoretls.dylib
0x000000002498c000 	/usr/lib/libcoretls_cfhelpers.dylib
0x000000002498c000 	/usr/lib/libOpenScriptingUtil.dylib
0x000000002498c000 	/usr/lib/libpam.2.dylib
0x000000002498c000 	/usr/lib/libsqlite3.dylib
0x000000002498c000 	/usr/lib/libxar.1.dylib
0x000000002498c000 	/usr/lib/libbz2.1.0.dylib
0x000000002498c000 	/usr/lib/liblzma.5.dylib
0x000000002498c000 	/usr/lib/libnetwork.dylib
0x000000002498c000 	/usr/lib/libpcap.A.dylib
0x000000002498c000 	/System/Library/Frameworks/CoreServices.framework/Versions/A/Frameworks/FSEvents.framework/Versions/A/FSEvents
0x000000002498c000 	/System/Library/Frameworks/CoreServices.framework/Versions/A/Frameworks/CarbonCore.framework/Versions/A/CarbonCore
0x000000002498c000 	/System/Library/Frameworks/CoreServices.framework/Versions/A/Frameworks/Metadata.framework/Versions/A/Metadata
0x000000002498c000 	/System/Library/Frameworks/CoreServices.framework/Versions/A/Frameworks/OSServices.framework/Versions/A/OSServices
0x000000002498c000 	/System/Library/Frameworks/CoreServices.framework/Versions/A/Frameworks/SearchKit.framework/Versions/A/SearchKit
0x000000002498c000 	/System/Library/Frameworks/CoreServices.framework/Versions/A/Frameworks/AE.framework/Versions/A/AE
0x000000002498c000 	/System/Library/Frameworks/CoreServices.framework/Versions/A/Frameworks/LaunchServices.framework/Versions/A/LaunchServices
0x000000002498c000 	/System/Library/Frameworks/CoreServices.framework/Versions/A/Frameworks/DictionaryServices.framework/Versions/A/DictionaryServices
0x000000002498c000 	/System/Library/Frameworks/CoreServices.framework/Versions/A/Frameworks/SharedFileList.framework/Versions/A/SharedFileList
0x000000002498c000 	/System/Library/Frameworks/NetFS.framework/Versions/A/NetFS
0x000000002498c000 	/System/Library/PrivateFrameworks/NetAuth.framework/Versions/A/NetAuth
0x000000002498c000 	/System/Library/PrivateFrameworks/login.framework/Versions/A/Frameworks/loginsupport.framework/Versions/A/loginsupport
0x000000002498c000 	/System/Library/PrivateFrameworks/TCC.framework/Versions/A/TCC
0x000000002498c000 	/usr/lib/libmecabra.dylib
0x000000002498c000 	/System/Library/Frameworks/ApplicationServices.framework/Versions/A/Frameworks/ATS.framework/Versions/A/ATS
0x000000002498c000 	/System/Library/Frameworks/ApplicationServices.framework/Versions/A/Frameworks/ColorSync.framework/Versions/A/ColorSync
0x000000002498c000 	/System/Library/Frameworks/ApplicationServices.framework/Versions/A/Frameworks/HIServices.framework/Versions/A/HIServices
0x000000002498c000 	/System/Library/Frameworks/ApplicationServices.framework/Versions/A/Frameworks/LangAnalysis.framework/Versions/A/LangAnalysis
0x000000002498c000 	/System/Library/Frameworks/ApplicationServices.framework/Versions/A/Frameworks/PrintCore.framework/Versions/A/PrintCore
0x000000002498c000 	/System/Library/Frameworks/ApplicationServices.framework/Versions/A/Frameworks/QD.framework/Versions/A/QD
0x000000002498c000 	/System/Library/Frameworks/ApplicationServices.framework/Versions/A/Frameworks/SpeechSynthesis.framework/Versions/A/SpeechSynthesis
0x000000002498c000 	/System/Library/Frameworks/Accelerate.framework/Versions/A/Frameworks/vImage.framework/Versions/A/vImage
0x000000002498c000 	/System/Library/Frameworks/Accelerate.framework/Versions/A/Frameworks/vecLib.framework/Versions/A/vecLib
0x000000002498c000 	/System/Library/Frameworks/Accelerate.framework/Versions/A/Frameworks/vecLib.framework/Versions/A/libvDSP.dylib
0x000000002498c000 	/System/Library/Frameworks/Accelerate.framework/Versions/A/Frameworks/vecLib.framework/Versions/A/libBNNS.dylib
0x000000002498c000 	/System/Library/Frameworks/Accelerate.framework/Versions/A/Frameworks/vecLib.framework/Versions/A/libQuadrature.dylib
0x000000002498c000 	/System/Library/Frameworks/Accelerate.framework/Versions/A/Frameworks/vecLib.framework/Versions/A/libvMisc.dylib
0x000000002498c000 	/System/Library/Frameworks/Accelerate.framework/Versions/A/Frameworks/vecLib.framework/Versions/A/libLAPACK.dylib
0x000000002498c000 	/System/Library/Frameworks/Accelerate.framework/Versions/A/Frameworks/vecLib.framework/Versions/A/libBLAS.dylib
0x000000002498c000 	/System/Library/Frameworks/Accelerate.framework/Versions/A/Frameworks/vecLib.framework/Versions/A/libLinearAlgebra.dylib
0x000000002498c000 	/System/Library/Frameworks/Accelerate.framework/Versions/A/Frameworks/vecLib.framework/Versions/A/libSparseBLAS.dylib
0x000000002498c000 	/System/Library/Frameworks/ApplicationServices.framework/Versions/A/Frameworks/ATS.framework/Versions/A/Resources/libFontParser.dylib
0x000000002498c000 	/System/Library/Frameworks/ApplicationServices.framework/Versions/A/Frameworks/ATS.framework/Versions/A/Resources/libFontRegistry.dylib
0x000000002498c000 	/System/Library/Frameworks/ImageIO.framework/Versions/A/Resources/libJPEG.dylib
0x000000002498c000 	/System/Library/Frameworks/ImageIO.framework/Versions/A/Resources/libTIFF.dylib
0x000000002498c000 	/System/Library/Frameworks/ImageIO.framework/Versions/A/Resources/libPng.dylib
0x000000002498c000 	/System/Library/Frameworks/ImageIO.framework/Versions/A/Resources/libGIF.dylib
0x000000002498c000 	/System/Library/Frameworks/ImageIO.framework/Versions/A/Resources/libJP2.dylib
0x000000002498c000 	/System/Library/Frameworks/ImageIO.framework/Versions/A/Resources/libRadiance.dylib
0x000000002498c000 	/usr/lib/libcompression.dylib
0x000000002498c000 	/System/Library/PrivateFrameworks/AppleJPEG.framework/Versions/A/AppleJPEG
0x000000002498c000 	/usr/lib/libcups.2.dylib
0x000000002498c000 	/System/Library/Frameworks/Kerberos.framework/Versions/A/Kerberos
0x000000002498c000 	/System/Library/Frameworks/GSS.framework/Versions/A/GSS
0x000000002498c000 	/usr/lib/libresolv.9.dylib
0x000000002498c000 	/usr/lib/libiconv.2.dylib
0x000000002498c000 	/System/Library/PrivateFrameworks/Heimdal.framework/Versions/A/Heimdal
0x000000002498c000 	/usr/lib/libheimdal-asn1.dylib
0x000000002498c000 	/System/Library/Frameworks/OpenDirectory.framework/Versions/A/OpenDirectory
0x000000002498c000 	/System/Library/PrivateFrameworks/CommonAuth.framework/Versions/A/CommonAuth
0x000000002498c000 	/System/Library/Frameworks/OpenDirectory.framework/Versions/A/Frameworks/CFOpenDirectory.framework/Versions/A/CFOpenDirectory
0x000000002498c000 	/System/Library/Frameworks/SecurityFoundation.framework/Versions/A/SecurityFoundation
0x000000002498c000 	/System/Library/PrivateFrameworks/LanguageModeling.framework/Versions/A/LanguageModeling
0x000000002498c000 	/usr/lib/libmarisa.dylib
0x000000002498c000 	/usr/lib/libChineseTokenizer.dylib
0x000000002498c000 	/usr/lib/libcmph.dylib
0x000000002498c000 	/System/Library/PrivateFrameworks/CoreEmoji.framework/Versions/A/CoreEmoji
0x000000002498c000 	/System/Library/Frameworks/ServiceManagement.framework/Versions/A/ServiceManagement
0x000000002498c000 	/usr/lib/libxslt.1.dylib
0x000000002498c000 	/System/Library/Frameworks/Carbon.framework/Versions/A/Frameworks/Ink.framework/Versions/A/Ink
0x000000002498c000 	/System/Library/PrivateFrameworks/TextureIO.framework/Versions/A/TextureIO
0x000000002498c000 	/System/Library/Frameworks/Metal.framework/Versions/A/Metal
0x000000002498c000 	/usr/lib/libate.dylib
0x000000002498c000 	/System/Library/PrivateFrameworks/GPUCompiler.framework/libmetal_timestamp.dylib
0x000000002498c000 	/System/Library/Frameworks/OpenGL.framework/Versions/A/Libraries/libCoreFSCache.dylib
0x000000002498c000 	/System/Library/PrivateFrameworks/IOAccelerator.framework/Versions/A/IOAccelerator
0x000000002498c000 	/System/Library/Frameworks/CoreVideo.framework/Versions/A/CoreVideo
0x000000002498c000 	/usr/lib/libFosl_dynamic.dylib
0x000000002498c000 	/System/Library/PrivateFrameworks/MetalPerformanceShaders.framework/Versions/A/MetalPerformanceShaders
0x000000002498c000 	/System/Library/PrivateFrameworks/FaceCore.framework/Versions/A/FaceCore
0x000000002498c000 	/System/Library/Frameworks/OpenCL.framework/Versions/A/OpenCL
0x000000002498c000 	/System/Library/Frameworks/OpenGL.framework/Versions/A/Libraries/libGLU.dylib
0x000000002498c000 	/System/Library/Frameworks/OpenGL.framework/Versions/A/Libraries/libGFXShared.dylib
0x000000002498c000 	/System/Library/Frameworks/OpenGL.framework/Versions/A/Libraries/libGL.dylib
0x000000002498c000 	/System/Library/Frameworks/OpenGL.framework/Versions/A/Libraries/libGLImage.dylib
0x000000002498c000 	/System/Library/Frameworks/OpenGL.framework/Versions/A/Libraries/libCVMSPluginSupport.dylib
0x000000002498c000 	/System/Library/Frameworks/OpenGL.framework/Versions/A/Libraries/libCoreVMClient.dylib
0x000000002498c000 	/System/Library/PrivateFrameworks/CrashReporterSupport.framework/Versions/A/CrashReporterSupport
0x000000002498c000 	/System/Library/PrivateFrameworks/Sharing.framework/Versions/A/Sharing
0x000000002498c000 	/System/Library/PrivateFrameworks/IconServices.framework/Versions/A/IconServices
0x000000002498c000 	/System/Library/PrivateFrameworks/ProtocolBuffer.framework/Versions/A/ProtocolBuffer
0x000000002498c000 	/System/Library/PrivateFrameworks/Apple80211.framework/Versions/A/Apple80211
0x000000002498c000 	/System/Library/Frameworks/CoreWLAN.framework/Versions/A/CoreWLAN
0x000000002498c000 	/System/Library/PrivateFrameworks/CoreUtils.framework/Versions/A/CoreUtils
0x000000002498c000 	/System/Library/Frameworks/IOBluetooth.framework/Versions/A/IOBluetooth
0x000000002498c000 	/System/Library/PrivateFrameworks/CoreWiFi.framework/Versions/A/CoreWiFi
0x000000002498c000 	/System/Library/Frameworks/CoreBluetooth.framework/Versions/A/CoreBluetooth
0x000000002498c000 	/System/Library/Frameworks/CoreDisplay.framework/Versions/A/CoreDisplay
0x000000002498c000 	/System/Library/PrivateFrameworks/IOPresentment.framework/Versions/A/IOPresentment
0x000000002498c000 	/System/Library/PrivateFrameworks/DSExternalDisplay.framework/Versions/A/DSExternalDisplay
0x000000002498c000 	/System/Library/PrivateFrameworks/DebugSymbols.framework/Versions/A/DebugSymbols
0x000000002498c000 	/System/Library/PrivateFrameworks/CoreSymbolication.framework/Versions/A/CoreSymbolication
0x000000002498c000 	/System/Library/PrivateFrameworks/Symbolication.framework/Versions/A/Symbolication
0x000000002498c000 	/System/Library/PrivateFrameworks/AppleFSCompression.framework/Versions/A/AppleFSCompression
0x000000002498c000 	/System/Library/PrivateFrameworks/SpeechRecognitionCore.framework/Versions/A/SpeechRecognitionCore
0x000000002498c000 	/System/Library/PrivateFrameworks/ChunkingLibrary.framework/Versions/A/ChunkingLibrary
0x00000000545be000 	/System/Library/CoreServices/Encodings/libKoreanConverter.dylib
0x0000000110200000 	/Library/Java/JavaVirtualMachines/jdk1.8.0_151.jdk/Contents/Home/jre/lib/server/libjvm.dylib
0x000000002498c000 	/usr/lib/libstdc++.6.dylib
0x000000010f116000 	/Library/Java/JavaVirtualMachines/jdk1.8.0_151.jdk/Contents/Home/jre/lib/libverify.dylib
0x000000010f124000 	/Library/Java/JavaVirtualMachines/jdk1.8.0_151.jdk/Contents/Home/jre/lib/libjava.dylib
0x000000010f163000 	/Library/Java/JavaVirtualMachines/jdk1.8.0_151.jdk/Contents/Home/jre/lib/libzip.dylib
0x000000011458c000 	/System/Library/Frameworks/JavaVM.framework/Frameworks/JavaRuntimeSupport.framework/JavaRuntimeSupport
0x00000001145a6000 	/System/Library/Frameworks/JavaVM.framework/Versions/A/Frameworks/JavaNativeFoundation.framework/Versions/A/JavaNativeFoundation
0x000000010f1f3000 	/System/Library/Frameworks/JavaVM.framework/Versions/A/JavaVM
0x000000002498c000 	/System/Library/Frameworks/Carbon.framework/Versions/A/Carbon
0x00000001145bb000 	/System/Library/PrivateFrameworks/JavaLaunching.framework/Versions/A/JavaLaunching
0x000000002498c000 	/System/Library/Frameworks/Carbon.framework/Versions/A/Frameworks/CommonPanels.framework/Versions/A/CommonPanels
0x000000002498c000 	/System/Library/Frameworks/Carbon.framework/Versions/A/Frameworks/Help.framework/Versions/A/Help
0x000000002498c000 	/System/Library/Frameworks/Carbon.framework/Versions/A/Frameworks/ImageCapture.framework/Versions/A/ImageCapture
0x000000002498c000 	/System/Library/Frameworks/Carbon.framework/Versions/A/Frameworks/OpenScripting.framework/Versions/A/OpenScripting
0x000000002498c000 	/System/Library/Frameworks/Carbon.framework/Versions/A/Frameworks/Print.framework/Versions/A/Print
0x000000002498c000 	/System/Library/Frameworks/Carbon.framework/Versions/A/Frameworks/SecurityHI.framework/Versions/A/SecurityHI

VM Arguments:
jvm_args: -Xmx256M -Xms32M -Dkotlin.home=/usr/local/Cellar/kotlin/1.2.41/libexec 
java_command: org.jetbrains.kotlin.runner.Main -classpath dist/main.jar MainKt 12 12 0 0 0 1 2305 2305 2305 2305 1 0 0 0 0 0 0 1 2305 2305 2305 2305 1 0 0 0 0 0 0 1 1 1 1 1 1 0 0 0 0 0 1 1 1 1 1 1 1 1 0 0 0 0 1 1 1 1 1 1 1 1 0 0 0 0 1 1 0 0 0 0 1 1 0 0 0 0 1 1 1 1 1 1 1 1 0 0 0 0 1 1 1 1 1 1 1 1 0 0 0 0 0 1 1 1 1 1 1 0 0 0 0 0 0 1 1 1 1 1 1 0 0 0 0 0 0 513 513 513 513 513 513 0 0 0 0 0 0 1 1 1 1 1 1 0 0 0 1 4 0
java_class_path (initial): /usr/local/Cellar/kotlin/1.2.41/libexec/lib/kotlin-runner.jar
Launcher Type: SUN_STANDARD

Environment Variables:
PATH=/usr/local/lib/node_modules/npm/node_modules/npm-lifecycle/node-gyp-bin:/Users/seokjunjeong/coding-battle-2018/node_modules/.bin:/usr/local/bin:/usr/bin:/bin:/usr/sbin:/sbin
SHELL=/bin/bash

Signal Handlers:
SIGSEGV: [libjvm.dylib+0x5b27a5], sa_mask[0]=11111111011111110111111111111111, sa_flags=SA_ONSTACK|SA_RESTART|SA_SIGINFO
SIGBUS: [libjvm.dylib+0x5b27a5], sa_mask[0]=11111111011111110111111111111111, sa_flags=SA_RESTART|SA_SIGINFO
SIGFPE: [libjvm.dylib+0x4891c4], sa_mask[0]=11111111011111110111111111111111, sa_flags=SA_RESTART|SA_SIGINFO
SIGPIPE: [libjvm.dylib+0x4891c4], sa_mask[0]=11111111011111110111111111111111, sa_flags=SA_RESTART|SA_SIGINFO
SIGXFSZ: [libjvm.dylib+0x4891c4], sa_mask[0]=11111111011111110111111111111111, sa_flags=SA_RESTART|SA_SIGINFO
SIGILL: [libjvm.dylib+0x4891c4], sa_mask[0]=11111111011111110111111111111111, sa_flags=SA_RESTART|SA_SIGINFO
SIGUSR1: SIG_DFL, sa_mask[0]=00000000000000000000000000000000, sa_flags=SA_RESTART
SIGUSR2: [libjvm.dylib+0x488ce2], sa_mask[0]=00000000000000000000000000000000, sa_flags=SA_RESTART|SA_SIGINFO
SIGHUP: [libjvm.dylib+0x4872b9], sa_mask[0]=11111111011111110111111111111111, sa_flags=SA_RESTART|SA_SIGINFO
SIGINT: [libjvm.dylib+0x4872b9], sa_mask[0]=11111111011111110111111111111111, sa_flags=SA_RESTART|SA_SIGINFO
SIGTERM: [libjvm.dylib+0x4872b9], sa_mask[0]=11111111011111110111111111111111, sa_flags=SA_RESTART|SA_SIGINFO
SIGQUIT: [libjvm.dylib+0x4872b9], sa_mask[0]=11111111011111110111111111111111, sa_flags=SA_RESTART|SA_SIGINFO


---------------  S Y S T E M  ---------------

OS:Bsduname:Darwin 16.7.0 Darwin Kernel Version 16.7.0: Tue Jan 30 11:27:06 PST 2018; root:xnu-3789.73.11~1/RELEASE_X86_64 x86_64
rlimit: STACK 8192k, CORE 0k, NPROC 709, NOFILE 10240, AS infinity
load average:2.90 2.85 2.71

CPU:total 8 (initial active 8) (4 cores per cpu, 2 threads per core) family 6 model 158 stepping 9, cmov, cx8, fxsr, mmx, sse, sse2, sse3, ssse3, sse4.1, sse4.2, popcnt, avx, avx2, aes, clmul, erms, rtm, 3dnowpref, lzcnt, ht, tsc, tscinvbit, bmi1, bmi2, adx

Memory: 4k page, physical 16777216k(144724k free)

/proc/meminfo:


vm_info: Java HotSpot(TM) 64-Bit Server VM (25.151-b12) for bsd-amd64 JRE (1.8.0_151-b12), built on Sep  5 2017 19:37:08 by "java_re" with gcc 4.2.1 (Based on Apple Inc. build 5658) (LLVM build 2336.11.00)

time: Sat May  5 03:17:01 2018
elapsed time: 0 seconds (0d 0h 0m 0s)

